<html>
<head>
<title>TestNG:  Default test</title>
<link href="../testng.css" rel="stylesheet" type="text/css" />
<link href="../my-testng.css" rel="stylesheet" type="text/css" />

<style type="text/css">
.log { display: none;} 
.stack-trace { display: none;} 
</style>
<script type="text/javascript">
<!--
function flip(e) {
  current = e.style.display;
  if (current == 'block') {
    e.style.display = 'none';
    return 0;
  }
  else {
    e.style.display = 'block';
    return 1;
  }
}

function toggleBox(szDivId, elem, msg1, msg2)
{
  var res = -1;  if (document.getElementById) {
    res = flip(document.getElementById(szDivId));
  }
  else if (document.all) {
    // this is the way old msie versions work
    res = flip(document.all[szDivId]);
  }
  if(elem) {
    if(res == 0) elem.innerHTML = msg1; else elem.innerHTML = msg2;
  }

}

function toggleAllBoxes() {
  if (document.getElementsByTagName) {
    d = document.getElementsByTagName('div');
    for (i = 0; i < d.length; i++) {
      if (d[i].className == 'log') {
        flip(d[i]);
      }
    }
  }
}

// -->
</script>

</head>
<body>
<h2 align='center'>Default test</h2><table border='1' align="center">
<tr>
<td>Tests passed/Failed/Skipped:</td><td>32/0/0</td>
</tr><tr>
<td>Started on:</td><td>Sat Feb 20 13:10:58 CST 2016</td>
</tr>
<tr><td>Total time:</td><td>12 seconds (12769 ms)</td>
</tr><tr>
<td>Included groups:</td><td></td>
</tr><tr>
<td>Excluded groups:</td><td></td>
</tr>
</table><p/>
<small><i>(Hover the method name to see the test class name)</i></small><p/>
<table width='100%' border='1' class='invocation-passed'>
<tr><td colspan='4' align='center'><b>PASSED TESTS</b></td></tr>
<tr><td><b>Test method</b></td>
<td width="30%"><b>Exception</b></td>
<td width="10%"><b>Time (seconds)</b></td>
<td><b>Instance</b></td>
</tr>
<tr>
<td title='org.jgroups.protocols.S3_PING2Test.testCheckBucketExists()'><b>testCheckBucketExists</b><br>Test class: org.jgroups.protocols.S3_PING2Test</td>
<td></td>
<td>1</td>
<td>org.jgroups.protocols.S3_PING2Test@5e91a191</td></tr>
<tr>
<td title='org.jgroups.protocols.S3_PING2Test.testCreateBucket()'><b>testCreateBucket</b><br>Test class: org.jgroups.protocols.S3_PING2Test</td>
<td></td>
<td>0</td>
<td>org.jgroups.protocols.S3_PING2Test@5e91a191</td></tr>
<tr>
<td title='org.jgroups.protocols.S3_PING2Test.testDeleteBucket()'><b>testDeleteBucket</b><br>Test class: org.jgroups.protocols.S3_PING2Test</td>
<td></td>
<td>0</td>
<td>org.jgroups.protocols.S3_PING2Test@5e91a191</td></tr>
<tr>
<td title='org.jgroups.protocols.S3_PING2Test.testDeleteObject()'><b>testDeleteObject</b><br>Test class: org.jgroups.protocols.S3_PING2Test</td>
<td></td>
<td>0</td>
<td>org.jgroups.protocols.S3_PING2Test@5e91a191</td></tr>
<tr>
<td title='org.jgroups.protocols.S3_PING2Test.testGeneratePreSignedUrlForDelete()'><b>testGeneratePreSignedUrlForDelete</b><br>Test class: org.jgroups.protocols.S3_PING2Test</td>
<td></td>
<td>0</td>
<td>org.jgroups.protocols.S3_PING2Test@5e91a191</td></tr>
<tr>
<td title='org.jgroups.protocols.S3_PING2Test.testGeneratePreSignedUrlForPut()'><b>testGeneratePreSignedUrlForPut</b><br>Test class: org.jgroups.protocols.S3_PING2Test</td>
<td></td>
<td>0</td>
<td>org.jgroups.protocols.S3_PING2Test@5e91a191</td></tr>
<tr>
<td title='org.jgroups.protocols.S3_PING2Test.testGenerateQueryStringAuthenticationWithBasicGet()'><b>testGenerateQueryStringAuthenticationWithBasicGet</b><br>Test class: org.jgroups.protocols.S3_PING2Test</td>
<td></td>
<td>0</td>
<td>org.jgroups.protocols.S3_PING2Test@5e91a191</td></tr>
<tr>
<td title='org.jgroups.protocols.S3_PING2Test.testGenerateQueryStringAuthenticationWithBasicPost()'><b>testGenerateQueryStringAuthenticationWithBasicPost</b><br>Test class: org.jgroups.protocols.S3_PING2Test</td>
<td></td>
<td>0</td>
<td>org.jgroups.protocols.S3_PING2Test@5e91a191</td></tr>
<tr>
<td title='org.jgroups.protocols.S3_PING2Test.testGenerateQueryStringAuthenticationWithBasicPutAndHeaders()'><b>testGenerateQueryStringAuthenticationWithBasicPutAndHeaders</b><br>Test class: org.jgroups.protocols.S3_PING2Test</td>
<td></td>
<td>0</td>
<td>org.jgroups.protocols.S3_PING2Test@5e91a191</td></tr>
<tr>
<td title='org.jgroups.protocols.S3_PING2Test.testGetAcl()'><b>testGetAcl</b><br>Test class: org.jgroups.protocols.S3_PING2Test</td>
<td></td>
<td>0</td>
<td>org.jgroups.protocols.S3_PING2Test@5e91a191</td></tr>
<tr>
<td title='org.jgroups.protocols.S3_PING2Test.testGetBucketLocation()'><b>testGetBucketLocation</b><br>Test class: org.jgroups.protocols.S3_PING2Test</td>
<td></td>
<td>2</td>
<td>org.jgroups.protocols.S3_PING2Test@5e91a191</td></tr>
<tr>
<td title='org.jgroups.protocols.S3_PING2Test.testGetBucketLogging()'><b>testGetBucketLogging</b><br>Test class: org.jgroups.protocols.S3_PING2Test</td>
<td></td>
<td>0</td>
<td>org.jgroups.protocols.S3_PING2Test@5e91a191</td></tr>
<tr>
<td title='org.jgroups.protocols.S3_PING2Test.testGetBucketRequestPayment()'><b>testGetBucketRequestPayment</b><br>Test class: org.jgroups.protocols.S3_PING2Test</td>
<td></td>
<td>0</td>
<td>org.jgroups.protocols.S3_PING2Test@5e91a191</td></tr>
<tr>
<td title='org.jgroups.protocols.S3_PING2Test.testGetObject()'><b>testGetObject</b><br>Test class: org.jgroups.protocols.S3_PING2Test</td>
<td></td>
<td>0</td>
<td>org.jgroups.protocols.S3_PING2Test@5e91a191</td></tr>
<tr>
<td title='org.jgroups.protocols.S3_PING2Test.testListAllMyBuckets()'><b>testListAllMyBuckets</b><br>Test class: org.jgroups.protocols.S3_PING2Test</td>
<td></td>
<td>0</td>
<td>org.jgroups.protocols.S3_PING2Test@5e91a191</td></tr>
<tr>
<td title='org.jgroups.protocols.S3_PING2Test.testListBucket()'><b>testListBucket</b><br>Test class: org.jgroups.protocols.S3_PING2Test</td>
<td></td>
<td>0</td>
<td>org.jgroups.protocols.S3_PING2Test@5e91a191</td></tr>
<tr>
<td title='org.jgroups.protocols.S3_PING2Test.testPreSignedUrlParserNoPrefix()'><b>testPreSignedUrlParserNoPrefix</b><br>Test class: org.jgroups.protocols.S3_PING2Test</td>
<td></td>
<td>0</td>
<td>org.jgroups.protocols.S3_PING2Test@5e91a191</td></tr>
<tr>
<td title='org.jgroups.protocols.S3_PING2Test.testPreSignedUrlParserWithComplexBucketName()'><b>testPreSignedUrlParserWithComplexBucketName</b><br>Test class: org.jgroups.protocols.S3_PING2Test</td>
<td></td>
<td>0</td>
<td>org.jgroups.protocols.S3_PING2Test@5e91a191</td></tr>
<tr>
<td title='org.jgroups.protocols.S3_PING2Test.testPreSignedUrlParserWithPrefix()'><b>testPreSignedUrlParserWithPrefix</b><br>Test class: org.jgroups.protocols.S3_PING2Test</td>
<td></td>
<td>0</td>
<td>org.jgroups.protocols.S3_PING2Test@5e91a191</td></tr>
<tr>
<td title='org.jgroups.protocols.S3_PING2Test.testPutAcl()'><b>testPutAcl</b><br>Test class: org.jgroups.protocols.S3_PING2Test</td>
<td></td>
<td>4</td>
<td>org.jgroups.protocols.S3_PING2Test@5e91a191</td></tr>
<tr>
<td title='org.jgroups.protocols.S3_PING2Test.testPutBucketLogging()'><b>testPutBucketLogging</b><br>Test class: org.jgroups.protocols.S3_PING2Test</td>
<td></td>
<td>0</td>
<td>org.jgroups.protocols.S3_PING2Test@5e91a191</td></tr>
<tr>
<td title='org.jgroups.protocols.S3_PING2Test.testPutBucketRequestPayment()'><b>testPutBucketRequestPayment</b><br>Test class: org.jgroups.protocols.S3_PING2Test</td>
<td></td>
<td>0</td>
<td>org.jgroups.protocols.S3_PING2Test@5e91a191</td></tr>
<tr>
<td title='org.jgroups.protocols.S3_PING2Test.testPutObject()'><b>testPutObject</b><br>Test class: org.jgroups.protocols.S3_PING2Test</td>
<td></td>
<td>0</td>
<td>org.jgroups.protocols.S3_PING2Test@5e91a191</td></tr>
<tr>
<td title='org.jgroups.protocols.S3_PING2Test.testUsingPreSignedUrlWhenNotSet()'><b>testUsingPreSignedUrlWhenNotSet</b><br>Test class: org.jgroups.protocols.S3_PING2Test</td>
<td></td>
<td>0</td>
<td>org.jgroups.protocols.S3_PING2Test@5e91a191</td></tr>
<tr>
<td title='org.jgroups.protocols.S3_PING2Test.testUsingPreSignedUrlWhenSet()'><b>testUsingPreSignedUrlWhenSet</b><br>Test class: org.jgroups.protocols.S3_PING2Test</td>
<td></td>
<td>0</td>
<td>org.jgroups.protocols.S3_PING2Test@5e91a191</td></tr>
<tr>
<td title='org.jgroups.protocols.S3_PING2Test.testValidatePropertiesWithBothPreSignedSetButNoBucket()'><b>testValidatePropertiesWithBothPreSignedSetButNoBucket</b><br>Test class: org.jgroups.protocols.S3_PING2Test</td>
<td><div><pre>java.lang.IllegalArgumentException: pre-signed url http://s3.amazonaws.com/ must point to a file within a bucket
	at org.jgroups.protocols.S3_PING2$PreSignedUrlParser.&lt;init&gt;(S3_PING2.java:371)
	at org.jgroups.protocols.S3_PING2.validateProperties(S3_PING2.java:279)
	at org.jgroups.protocols.S3_PING2Test.testValidatePropertiesWithBothPreSignedSetButNoBucket(S3_PING2Test.java:483)
	at sun.reflect.NativeMethodAccessorImpl.invoke0(Native Method)
	at sun.reflect.NativeMethodAccessorImpl.invoke(NativeMethodAccessorImpl.java:57)
	at sun.reflect.DelegatingMethodAccessorImpl.invoke(DelegatingMethodAccessorImpl.java:43)
	at java.lang.reflect.Method.invoke(Method.java:601)
	at org.testng.internal.MethodInvocationHelper.invokeMethod(MethodInvocationHelper.java:85)
	at org.testng.internal.Invoker.invokeMethod(Invoker.java:639)
	at org.testng.internal.Invoker.invokeTestMethod(Invoker.java:821)
	at org.testng.internal.Invoker.invokeTestMethods(Invoker.java:1131)
	at org.testng.internal.TestMethodWorker.invokeTestMethods(TestMethodWorker.java:124)
	at org.testng.internal.TestMethodWorker.run(TestMethodWorker.java:108)
	at org.testng.TestRunner.privateRun(TestRunner.java:773)
	at org.testng.TestRunner.run(TestRunner.java:623)
	at org.testng.SuiteRunner.runTest(SuiteRunner.java:357)
	at org.testng.SuiteRunner.runSequentially(SuiteRunner.java:352)
	at org.testng.SuiteRunner.privateRun(SuiteRunner.java:310)
	at org.testng.SuiteRunner.run(SuiteRunner.java:259)
	at org.testng.SuiteRunnerWorker.runSuite(SuiteRunnerWorker.java:52)
	at org.testng.SuiteRunnerWorker.run(SuiteRunnerWorker.java:86)
	at org.testng.TestNG.runSuitesSequentially(TestNG.java:1185)
	at org.testng.TestNG.runSuitesLocally(TestNG.java:1110)
	at org.testng.TestNG.run(TestNG.java:1018)
	at org.testng.remote.RemoteTestNG.run(RemoteTestNG.java:111)
	at org.testng.remote.RemoteTestNG.initAndRun(RemoteTestNG.java:204)
	at org.testng.remote.RemoteTestNG.main(RemoteTestNG.java:175)
</pre></div><a href='#' onClick='toggleBox("stack-trace1829860190", this, "Click to show all stack frames", "Click to hide stack frames")'>Click to show all stack frames</a>
<div class='stack-trace' id='stack-trace1829860190'><pre>java.lang.IllegalArgumentException: pre-signed url http://s3.amazonaws.com/ must point to a file within a bucket
	at org.jgroups.protocols.S3_PING2$PreSignedUrlParser.&lt;init&gt;(S3_PING2.java:371)
	at org.jgroups.protocols.S3_PING2.validateProperties(S3_PING2.java:279)
	at org.jgroups.protocols.S3_PING2Test.testValidatePropertiesWithBothPreSignedSetButNoBucket(S3_PING2Test.java:483)
	at sun.reflect.NativeMethodAccessorImpl.invoke0(Native Method)
	at sun.reflect.NativeMethodAccessorImpl.invoke(NativeMethodAccessorImpl.java:57)
	at sun.reflect.DelegatingMethodAccessorImpl.invoke(DelegatingMethodAccessorImpl.java:43)
	at java.lang.reflect.Method.invoke(Method.java:601)
	at org.testng.internal.MethodInvocationHelper.invokeMethod(MethodInvocationHelper.java:85)
	at org.testng.internal.Invoker.invokeMethod(Invoker.java:639)
	at org.testng.internal.Invoker.invokeTestMethod(Invoker.java:821)
	at org.testng.internal.Invoker.invokeTestMethods(Invoker.java:1131)
	at org.testng.internal.TestMethodWorker.invokeTestMethods(TestMethodWorker.java:124)
	at org.testng.internal.TestMethodWorker.run(TestMethodWorker.java:108)
	at org.testng.TestRunner.privateRun(TestRunner.java:773)
	at org.testng.TestRunner.run(TestRunner.java:623)
	at org.testng.SuiteRunner.runTest(SuiteRunner.java:357)
	at org.testng.SuiteRunner.runSequentially(SuiteRunner.java:352)
	at org.testng.SuiteRunner.privateRun(SuiteRunner.java:310)
	at org.testng.SuiteRunner.run(SuiteRunner.java:259)
	at org.testng.SuiteRunnerWorker.runSuite(SuiteRunnerWorker.java:52)
	at org.testng.SuiteRunnerWorker.run(SuiteRunnerWorker.java:86)
	at org.testng.TestNG.runSuitesSequentially(TestNG.java:1185)
	at org.testng.TestNG.runSuitesLocally(TestNG.java:1110)
	at org.testng.TestNG.run(TestNG.java:1018)
	at org.testng.remote.RemoteTestNG.run(RemoteTestNG.java:111)
	at org.testng.remote.RemoteTestNG.initAndRun(RemoteTestNG.java:204)
	at org.testng.remote.RemoteTestNG.main(RemoteTestNG.java:175)
</pre></div></td>
<td>0</td>
<td>org.jgroups.protocols.S3_PING2Test@5e91a191</td></tr>
<tr>
<td title='org.jgroups.protocols.S3_PING2Test.testValidatePropertiesWithBothPreSignedSetButNoFile()'><b>testValidatePropertiesWithBothPreSignedSetButNoFile</b><br>Test class: org.jgroups.protocols.S3_PING2Test</td>
<td><div><pre>java.lang.IllegalArgumentException: pre-signed url http://test-bucket.s3.amazonaws.com/ must point to a file within a bucket
	at org.jgroups.protocols.S3_PING2$PreSignedUrlParser.&lt;init&gt;(S3_PING2.java:371)
	at org.jgroups.protocols.S3_PING2.validateProperties(S3_PING2.java:279)
	at org.jgroups.protocols.S3_PING2Test.testValidatePropertiesWithBothPreSignedSetButNoFile(S3_PING2Test.java:490)
	at sun.reflect.NativeMethodAccessorImpl.invoke0(Native Method)
	at sun.reflect.NativeMethodAccessorImpl.invoke(NativeMethodAccessorImpl.java:57)
	at sun.reflect.DelegatingMethodAccessorImpl.invoke(DelegatingMethodAccessorImpl.java:43)
	at java.lang.reflect.Method.invoke(Method.java:601)
	at org.testng.internal.MethodInvocationHelper.invokeMethod(MethodInvocationHelper.java:85)
	at org.testng.internal.Invoker.invokeMethod(Invoker.java:639)
	at org.testng.internal.Invoker.invokeTestMethod(Invoker.java:821)
	at org.testng.internal.Invoker.invokeTestMethods(Invoker.java:1131)
	at org.testng.internal.TestMethodWorker.invokeTestMethods(TestMethodWorker.java:124)
	at org.testng.internal.TestMethodWorker.run(TestMethodWorker.java:108)
	at org.testng.TestRunner.privateRun(TestRunner.java:773)
	at org.testng.TestRunner.run(TestRunner.java:623)
	at org.testng.SuiteRunner.runTest(SuiteRunner.java:357)
	at org.testng.SuiteRunner.runSequentially(SuiteRunner.java:352)
	at org.testng.SuiteRunner.privateRun(SuiteRunner.java:310)
	at org.testng.SuiteRunner.run(SuiteRunner.java:259)
	at org.testng.SuiteRunnerWorker.runSuite(SuiteRunnerWorker.java:52)
	at org.testng.SuiteRunnerWorker.run(SuiteRunnerWorker.java:86)
	at org.testng.TestNG.runSuitesSequentially(TestNG.java:1185)
	at org.testng.TestNG.runSuitesLocally(TestNG.java:1110)
	at org.testng.TestNG.run(TestNG.java:1018)
	at org.testng.remote.RemoteTestNG.run(RemoteTestNG.java:111)
	at org.testng.remote.RemoteTestNG.initAndRun(RemoteTestNG.java:204)
	at org.testng.remote.RemoteTestNG.main(RemoteTestNG.java:175)
</pre></div><a href='#' onClick='toggleBox("stack-trace818167552", this, "Click to show all stack frames", "Click to hide stack frames")'>Click to show all stack frames</a>
<div class='stack-trace' id='stack-trace818167552'><pre>java.lang.IllegalArgumentException: pre-signed url http://test-bucket.s3.amazonaws.com/ must point to a file within a bucket
	at org.jgroups.protocols.S3_PING2$PreSignedUrlParser.&lt;init&gt;(S3_PING2.java:371)
	at org.jgroups.protocols.S3_PING2.validateProperties(S3_PING2.java:279)
	at org.jgroups.protocols.S3_PING2Test.testValidatePropertiesWithBothPreSignedSetButNoFile(S3_PING2Test.java:490)
	at sun.reflect.NativeMethodAccessorImpl.invoke0(Native Method)
	at sun.reflect.NativeMethodAccessorImpl.invoke(NativeMethodAccessorImpl.java:57)
	at sun.reflect.DelegatingMethodAccessorImpl.invoke(DelegatingMethodAccessorImpl.java:43)
	at java.lang.reflect.Method.invoke(Method.java:601)
	at org.testng.internal.MethodInvocationHelper.invokeMethod(MethodInvocationHelper.java:85)
	at org.testng.internal.Invoker.invokeMethod(Invoker.java:639)
	at org.testng.internal.Invoker.invokeTestMethod(Invoker.java:821)
	at org.testng.internal.Invoker.invokeTestMethods(Invoker.java:1131)
	at org.testng.internal.TestMethodWorker.invokeTestMethods(TestMethodWorker.java:124)
	at org.testng.internal.TestMethodWorker.run(TestMethodWorker.java:108)
	at org.testng.TestRunner.privateRun(TestRunner.java:773)
	at org.testng.TestRunner.run(TestRunner.java:623)
	at org.testng.SuiteRunner.runTest(SuiteRunner.java:357)
	at org.testng.SuiteRunner.runSequentially(SuiteRunner.java:352)
	at org.testng.SuiteRunner.privateRun(SuiteRunner.java:310)
	at org.testng.SuiteRunner.run(SuiteRunner.java:259)
	at org.testng.SuiteRunnerWorker.runSuite(SuiteRunnerWorker.java:52)
	at org.testng.SuiteRunnerWorker.run(SuiteRunnerWorker.java:86)
	at org.testng.TestNG.runSuitesSequentially(TestNG.java:1185)
	at org.testng.TestNG.runSuitesLocally(TestNG.java:1110)
	at org.testng.TestNG.run(TestNG.java:1018)
	at org.testng.remote.RemoteTestNG.run(RemoteTestNG.java:111)
	at org.testng.remote.RemoteTestNG.initAndRun(RemoteTestNG.java:204)
	at org.testng.remote.RemoteTestNG.main(RemoteTestNG.java:175)
</pre></div></td>
<td>0</td>
<td>org.jgroups.protocols.S3_PING2Test@5e91a191</td></tr>
<tr>
<td title='org.jgroups.protocols.S3_PING2Test.testValidatePropertiesWithBothPreSignedSetButTooManySubdirectories()'><b>testValidatePropertiesWithBothPreSignedSetButTooManySubdirectories</b><br>Test class: org.jgroups.protocols.S3_PING2Test</td>
<td><div><pre>java.lang.IllegalArgumentException: pre-signed url http://test-bucket.s3.amazonaws.com/subdir/DemoCluster/node1 may only have only subdirectory under a bucket
	at org.jgroups.protocols.S3_PING2$PreSignedUrlParser.&lt;init&gt;(S3_PING2.java:374)
	at org.jgroups.protocols.S3_PING2.validateProperties(S3_PING2.java:279)
	at org.jgroups.protocols.S3_PING2Test.testValidatePropertiesWithBothPreSignedSetButTooManySubdirectories(S3_PING2Test.java:497)
	at sun.reflect.NativeMethodAccessorImpl.invoke0(Native Method)
	at sun.reflect.NativeMethodAccessorImpl.invoke(NativeMethodAccessorImpl.java:57)
	at sun.reflect.DelegatingMethodAccessorImpl.invoke(DelegatingMethodAccessorImpl.java:43)
	at java.lang.reflect.Method.invoke(Method.java:601)
	at org.testng.internal.MethodInvocationHelper.invokeMethod(MethodInvocationHelper.java:85)
	at org.testng.internal.Invoker.invokeMethod(Invoker.java:639)
	at org.testng.internal.Invoker.invokeTestMethod(Invoker.java:821)
	at org.testng.internal.Invoker.invokeTestMethods(Invoker.java:1131)
	at org.testng.internal.TestMethodWorker.invokeTestMethods(TestMethodWorker.java:124)
	at org.testng.internal.TestMethodWorker.run(TestMethodWorker.java:108)
	at org.testng.TestRunner.privateRun(TestRunner.java:773)
	at org.testng.TestRunner.run(TestRunner.java:623)
	at org.testng.SuiteRunner.runTest(SuiteRunner.java:357)
	at org.testng.SuiteRunner.runSequentially(SuiteRunner.java:352)
	at org.testng.SuiteRunner.privateRun(SuiteRunner.java:310)
	at org.testng.SuiteRunner.run(SuiteRunner.java:259)
	at org.testng.SuiteRunnerWorker.runSuite(SuiteRunnerWorker.java:52)
	at org.testng.SuiteRunnerWorker.run(SuiteRunnerWorker.java:86)
	at org.testng.TestNG.runSuitesSequentially(TestNG.java:1185)
	at org.testng.TestNG.runSuitesLocally(TestNG.java:1110)
	at org.testng.TestNG.run(TestNG.java:1018)
	at org.testng.remote.RemoteTestNG.run(RemoteTestNG.java:111)
	at org.testng.remote.RemoteTestNG.initAndRun(RemoteTestNG.java:204)
	at org.testng.remote.RemoteTestNG.main(RemoteTestNG.java:175)
</pre></div><a href='#' onClick='toggleBox("stack-trace1990271995", this, "Click to show all stack frames", "Click to hide stack frames")'>Click to show all stack frames</a>
<div class='stack-trace' id='stack-trace1990271995'><pre>java.lang.IllegalArgumentException: pre-signed url http://test-bucket.s3.amazonaws.com/subdir/DemoCluster/node1 may only have only subdirectory under a bucket
	at org.jgroups.protocols.S3_PING2$PreSignedUrlParser.&lt;init&gt;(S3_PING2.java:374)
	at org.jgroups.protocols.S3_PING2.validateProperties(S3_PING2.java:279)
	at org.jgroups.protocols.S3_PING2Test.testValidatePropertiesWithBothPreSignedSetButTooManySubdirectories(S3_PING2Test.java:497)
	at sun.reflect.NativeMethodAccessorImpl.invoke0(Native Method)
	at sun.reflect.NativeMethodAccessorImpl.invoke(NativeMethodAccessorImpl.java:57)
	at sun.reflect.DelegatingMethodAccessorImpl.invoke(DelegatingMethodAccessorImpl.java:43)
	at java.lang.reflect.Method.invoke(Method.java:601)
	at org.testng.internal.MethodInvocationHelper.invokeMethod(MethodInvocationHelper.java:85)
	at org.testng.internal.Invoker.invokeMethod(Invoker.java:639)
	at org.testng.internal.Invoker.invokeTestMethod(Invoker.java:821)
	at org.testng.internal.Invoker.invokeTestMethods(Invoker.java:1131)
	at org.testng.internal.TestMethodWorker.invokeTestMethods(TestMethodWorker.java:124)
	at org.testng.internal.TestMethodWorker.run(TestMethodWorker.java:108)
	at org.testng.TestRunner.privateRun(TestRunner.java:773)
	at org.testng.TestRunner.run(TestRunner.java:623)
	at org.testng.SuiteRunner.runTest(SuiteRunner.java:357)
	at org.testng.SuiteRunner.runSequentially(SuiteRunner.java:352)
	at org.testng.SuiteRunner.privateRun(SuiteRunner.java:310)
	at org.testng.SuiteRunner.run(SuiteRunner.java:259)
	at org.testng.SuiteRunnerWorker.runSuite(SuiteRunnerWorker.java:52)
	at org.testng.SuiteRunnerWorker.run(SuiteRunnerWorker.java:86)
	at org.testng.TestNG.runSuitesSequentially(TestNG.java:1185)
	at org.testng.TestNG.runSuitesLocally(TestNG.java:1110)
	at org.testng.TestNG.run(TestNG.java:1018)
	at org.testng.remote.RemoteTestNG.run(RemoteTestNG.java:111)
	at org.testng.remote.RemoteTestNG.initAndRun(RemoteTestNG.java:204)
	at org.testng.remote.RemoteTestNG.main(RemoteTestNG.java:175)
</pre></div></td>
<td>0</td>
<td>org.jgroups.protocols.S3_PING2Test@5e91a191</td></tr>
<tr>
<td title='org.jgroups.protocols.S3_PING2Test.testValidatePropertiesWithBothPreSignedSetToValid()'><b>testValidatePropertiesWithBothPreSignedSetToValid</b><br>Test class: org.jgroups.protocols.S3_PING2Test</td>
<td></td>
<td>0</td>
<td>org.jgroups.protocols.S3_PING2Test@5e91a191</td></tr>
<tr>
<td title='org.jgroups.protocols.S3_PING2Test.testValidatePropertiesWithBothPreSignedSetToValidSubdirectory()'><b>testValidatePropertiesWithBothPreSignedSetToValidSubdirectory</b><br>Test class: org.jgroups.protocols.S3_PING2Test</td>
<td></td>
<td>0</td>
<td>org.jgroups.protocols.S3_PING2Test@5e91a191</td></tr>
<tr>
<td title='org.jgroups.protocols.S3_PING2Test.testValidatePropertiesWithPreSignedDeleteSet()'><b>testValidatePropertiesWithPreSignedDeleteSet</b><br>Test class: org.jgroups.protocols.S3_PING2Test</td>
<td><div><pre>java.lang.IllegalArgumentException: pre_signed_put_url and pre_signed_delete_url must both be set or both unset
	at org.jgroups.protocols.S3_PING2.validateProperties(S3_PING2.java:286)
	at org.jgroups.protocols.S3_PING2Test.testValidatePropertiesWithPreSignedDeleteSet(S3_PING2Test.java:476)
	at sun.reflect.NativeMethodAccessorImpl.invoke0(Native Method)
	at sun.reflect.NativeMethodAccessorImpl.invoke(NativeMethodAccessorImpl.java:57)
	at sun.reflect.DelegatingMethodAccessorImpl.invoke(DelegatingMethodAccessorImpl.java:43)
	at java.lang.reflect.Method.invoke(Method.java:601)
	at org.testng.internal.MethodInvocationHelper.invokeMethod(MethodInvocationHelper.java:85)
	at org.testng.internal.Invoker.invokeMethod(Invoker.java:639)
	at org.testng.internal.Invoker.invokeTestMethod(Invoker.java:821)
	at org.testng.internal.Invoker.invokeTestMethods(Invoker.java:1131)
	at org.testng.internal.TestMethodWorker.invokeTestMethods(TestMethodWorker.java:124)
	at org.testng.internal.TestMethodWorker.run(TestMethodWorker.java:108)
	at org.testng.TestRunner.privateRun(TestRunner.java:773)
	at org.testng.TestRunner.run(TestRunner.java:623)
	at org.testng.SuiteRunner.runTest(SuiteRunner.java:357)
	at org.testng.SuiteRunner.runSequentially(SuiteRunner.java:352)
	at org.testng.SuiteRunner.privateRun(SuiteRunner.java:310)
	at org.testng.SuiteRunner.run(SuiteRunner.java:259)
	at org.testng.SuiteRunnerWorker.runSuite(SuiteRunnerWorker.java:52)
	at org.testng.SuiteRunnerWorker.run(SuiteRunnerWorker.java:86)
	at org.testng.TestNG.runSuitesSequentially(TestNG.java:1185)
	at org.testng.TestNG.runSuitesLocally(TestNG.java:1110)
	at org.testng.TestNG.run(TestNG.java:1018)
	at org.testng.remote.RemoteTestNG.run(RemoteTestNG.java:111)
	at org.testng.remote.RemoteTestNG.initAndRun(RemoteTestNG.java:204)
	at org.testng.remote.RemoteTestNG.main(RemoteTestNG.java:175)
</pre></div><a href='#' onClick='toggleBox("stack-trace1200638256", this, "Click to show all stack frames", "Click to hide stack frames")'>Click to show all stack frames</a>
<div class='stack-trace' id='stack-trace1200638256'><pre>java.lang.IllegalArgumentException: pre_signed_put_url and pre_signed_delete_url must both be set or both unset
	at org.jgroups.protocols.S3_PING2.validateProperties(S3_PING2.java:286)
	at org.jgroups.protocols.S3_PING2Test.testValidatePropertiesWithPreSignedDeleteSet(S3_PING2Test.java:476)
	at sun.reflect.NativeMethodAccessorImpl.invoke0(Native Method)
	at sun.reflect.NativeMethodAccessorImpl.invoke(NativeMethodAccessorImpl.java:57)
	at sun.reflect.DelegatingMethodAccessorImpl.invoke(DelegatingMethodAccessorImpl.java:43)
	at java.lang.reflect.Method.invoke(Method.java:601)
	at org.testng.internal.MethodInvocationHelper.invokeMethod(MethodInvocationHelper.java:85)
	at org.testng.internal.Invoker.invokeMethod(Invoker.java:639)
	at org.testng.internal.Invoker.invokeTestMethod(Invoker.java:821)
	at org.testng.internal.Invoker.invokeTestMethods(Invoker.java:1131)
	at org.testng.internal.TestMethodWorker.invokeTestMethods(TestMethodWorker.java:124)
	at org.testng.internal.TestMethodWorker.run(TestMethodWorker.java:108)
	at org.testng.TestRunner.privateRun(TestRunner.java:773)
	at org.testng.TestRunner.run(TestRunner.java:623)
	at org.testng.SuiteRunner.runTest(SuiteRunner.java:357)
	at org.testng.SuiteRunner.runSequentially(SuiteRunner.java:352)
	at org.testng.SuiteRunner.privateRun(SuiteRunner.java:310)
	at org.testng.SuiteRunner.run(SuiteRunner.java:259)
	at org.testng.SuiteRunnerWorker.runSuite(SuiteRunnerWorker.java:52)
	at org.testng.SuiteRunnerWorker.run(SuiteRunnerWorker.java:86)
	at org.testng.TestNG.runSuitesSequentially(TestNG.java:1185)
	at org.testng.TestNG.runSuitesLocally(TestNG.java:1110)
	at org.testng.TestNG.run(TestNG.java:1018)
	at org.testng.remote.RemoteTestNG.run(RemoteTestNG.java:111)
	at org.testng.remote.RemoteTestNG.initAndRun(RemoteTestNG.java:204)
	at org.testng.remote.RemoteTestNG.main(RemoteTestNG.java:175)
</pre></div></td>
<td>0</td>
<td>org.jgroups.protocols.S3_PING2Test@5e91a191</td></tr>
<tr>
<td title='org.jgroups.protocols.S3_PING2Test.testValidatePropertiesWithPreSignedPutSet()'><b>testValidatePropertiesWithPreSignedPutSet</b><br>Test class: org.jgroups.protocols.S3_PING2Test</td>
<td><div><pre>java.lang.IllegalArgumentException: pre_signed_put_url and pre_signed_delete_url must both be set or both unset
	at org.jgroups.protocols.S3_PING2.validateProperties(S3_PING2.java:286)
	at org.jgroups.protocols.S3_PING2Test.testValidatePropertiesWithPreSignedPutSet(S3_PING2Test.java:469)
	at sun.reflect.NativeMethodAccessorImpl.invoke0(Native Method)
	at sun.reflect.NativeMethodAccessorImpl.invoke(NativeMethodAccessorImpl.java:57)
	at sun.reflect.DelegatingMethodAccessorImpl.invoke(DelegatingMethodAccessorImpl.java:43)
	at java.lang.reflect.Method.invoke(Method.java:601)
	at org.testng.internal.MethodInvocationHelper.invokeMethod(MethodInvocationHelper.java:85)
	at org.testng.internal.Invoker.invokeMethod(Invoker.java:639)
	at org.testng.internal.Invoker.invokeTestMethod(Invoker.java:821)
	at org.testng.internal.Invoker.invokeTestMethods(Invoker.java:1131)
	at org.testng.internal.TestMethodWorker.invokeTestMethods(TestMethodWorker.java:124)
	at org.testng.internal.TestMethodWorker.run(TestMethodWorker.java:108)
	at org.testng.TestRunner.privateRun(TestRunner.java:773)
	at org.testng.TestRunner.run(TestRunner.java:623)
	at org.testng.SuiteRunner.runTest(SuiteRunner.java:357)
	at org.testng.SuiteRunner.runSequentially(SuiteRunner.java:352)
	at org.testng.SuiteRunner.privateRun(SuiteRunner.java:310)
	at org.testng.SuiteRunner.run(SuiteRunner.java:259)
	at org.testng.SuiteRunnerWorker.runSuite(SuiteRunnerWorker.java:52)
	at org.testng.SuiteRunnerWorker.run(SuiteRunnerWorker.java:86)
	at org.testng.TestNG.runSuitesSequentially(TestNG.java:1185)
	at org.testng.TestNG.runSuitesLocally(TestNG.java:1110)
	at org.testng.TestNG.run(TestNG.java:1018)
	at org.testng.remote.RemoteTestNG.run(RemoteTestNG.java:111)
	at org.testng.remote.RemoteTestNG.initAndRun(RemoteTestNG.java:204)
	at org.testng.remote.RemoteTestNG.main(RemoteTestNG.java:175)
</pre></div><a href='#' onClick='toggleBox("stack-trace64179659", this, "Click to show all stack frames", "Click to hide stack frames")'>Click to show all stack frames</a>
<div class='stack-trace' id='stack-trace64179659'><pre>java.lang.IllegalArgumentException: pre_signed_put_url and pre_signed_delete_url must both be set or both unset
	at org.jgroups.protocols.S3_PING2.validateProperties(S3_PING2.java:286)
	at org.jgroups.protocols.S3_PING2Test.testValidatePropertiesWithPreSignedPutSet(S3_PING2Test.java:469)
	at sun.reflect.NativeMethodAccessorImpl.invoke0(Native Method)
	at sun.reflect.NativeMethodAccessorImpl.invoke(NativeMethodAccessorImpl.java:57)
	at sun.reflect.DelegatingMethodAccessorImpl.invoke(DelegatingMethodAccessorImpl.java:43)
	at java.lang.reflect.Method.invoke(Method.java:601)
	at org.testng.internal.MethodInvocationHelper.invokeMethod(MethodInvocationHelper.java:85)
	at org.testng.internal.Invoker.invokeMethod(Invoker.java:639)
	at org.testng.internal.Invoker.invokeTestMethod(Invoker.java:821)
	at org.testng.internal.Invoker.invokeTestMethods(Invoker.java:1131)
	at org.testng.internal.TestMethodWorker.invokeTestMethods(TestMethodWorker.java:124)
	at org.testng.internal.TestMethodWorker.run(TestMethodWorker.java:108)
	at org.testng.TestRunner.privateRun(TestRunner.java:773)
	at org.testng.TestRunner.run(TestRunner.java:623)
	at org.testng.SuiteRunner.runTest(SuiteRunner.java:357)
	at org.testng.SuiteRunner.runSequentially(SuiteRunner.java:352)
	at org.testng.SuiteRunner.privateRun(SuiteRunner.java:310)
	at org.testng.SuiteRunner.run(SuiteRunner.java:259)
	at org.testng.SuiteRunnerWorker.runSuite(SuiteRunnerWorker.java:52)
	at org.testng.SuiteRunnerWorker.run(SuiteRunnerWorker.java:86)
	at org.testng.TestNG.runSuitesSequentially(TestNG.java:1185)
	at org.testng.TestNG.runSuitesLocally(TestNG.java:1110)
	at org.testng.TestNG.run(TestNG.java:1018)
	at org.testng.remote.RemoteTestNG.run(RemoteTestNG.java:111)
	at org.testng.remote.RemoteTestNG.initAndRun(RemoteTestNG.java:204)
	at org.testng.remote.RemoteTestNG.main(RemoteTestNG.java:175)
</pre></div></td>
<td>0</td>
<td>org.jgroups.protocols.S3_PING2Test@5e91a191</td></tr>
</table><p>
</body>
</html>