<!DOCTYPE html PUBLIC "-//W3C//DTD XHTML 1.1//EN" "http://www.w3.org/TR/xhtml11/DTD/xhtml11.dtd">
<html xmlns="http://www.w3.org/1999/xhtml"><head><title>TestNG Report</title><style type="text/css">table {margin-bottom:10px;border-collapse:collapse;empty-cells:show}th,td {border:1px solid #009;padding:.25em .5em}th {vertical-align:bottom}td {vertical-align:top}table a {font-weight:bold}.stripe td {background-color: #E6EBF9}.num {text-align:right}.passedodd td {background-color: #3F3}.passedeven td {background-color: #0A0}.skippedodd td {background-color: #DDD}.skippedeven td {background-color: #CCC}.failedodd td,.attn {background-color: #F33}.failedeven td,.stripe .attn {background-color: #D00}.stacktrace {white-space:pre;font-family:monospace}.totop {font-size:85%;text-align:center;border-bottom:2px solid #000}</style></head><body><table><tr><th>Test</th><th># Passed</th><th># Skipped</th><th># Failed</th><th>Time (ms)</th><th>Included Groups</th><th>Excluded Groups</th></tr><tr><th colspan="7">Default suite</th></tr><tr><td><a href="#t0">Default test</a></td><td class="num">32</td><td class="num">0</td><td class="num">0</td><td class="num">12,769</td><td></td><td></td></tr></table><table><thead><tr><th>Class</th><th>Method</th><th>Start</th><th>Time (ms)</th></tr></thead><tbody><tr><th colspan="4">Default suite</th></tr></tbody><tbody id="t0"><tr><th colspan="4">Default test &#8212; passed</th></tr><tr class="passedeven"><td rowspan="32">org.jgroups.protocols.S3_PING2Test</td><td><a href="#m0">testCheckBucketExists</a></td><td rowspan="1">1455995458914</td><td rowspan="1">1018</td></tr><tr class="passedeven"><td><a href="#m1">testCreateBucket</a></td><td rowspan="1">1455995458735</td><td rowspan="1">4</td></tr><tr class="passedeven"><td><a href="#m2">testDeleteBucket</a></td><td rowspan="1">1455995471001</td><td rowspan="1">0</td></tr><tr class="passedeven"><td><a href="#m3">testDeleteObject</a></td><td rowspan="1">1455995467261</td><td rowspan="1">376</td></tr><tr class="passedeven"><td><a href="#m4">testGeneratePreSignedUrlForDelete</a></td><td rowspan="1">1455995458740</td><td rowspan="1">137</td></tr><tr class="passedeven"><td><a href="#m5">testGeneratePreSignedUrlForPut</a></td><td rowspan="1">1455995458877</td><td rowspan="1">1</td></tr><tr class="passedeven"><td><a href="#m6">testGenerateQueryStringAuthenticationWithBasicGet</a></td><td rowspan="1">1455995458879</td><td rowspan="1">7</td></tr><tr class="passedeven"><td><a href="#m7">testGenerateQueryStringAuthenticationWithBasicPost</a></td><td rowspan="1">1455995458887</td><td rowspan="1">0</td></tr><tr class="passedeven"><td><a href="#m8">testGenerateQueryStringAuthenticationWithBasicPutAndHeaders</a></td><td rowspan="1">1455995458888</td><td rowspan="1">1</td></tr><tr class="passedeven"><td><a href="#m9">testGetAcl</a></td><td rowspan="1">1455995467638</td><td rowspan="1">178</td></tr><tr class="passedeven"><td><a href="#m10">testGetBucketLocation</a></td><td rowspan="1">1455995467817</td><td rowspan="1">2811</td></tr><tr class="passedeven"><td><a href="#m11">testGetBucketLogging</a></td><td rowspan="1">1455995470630</td><td rowspan="1">197</td></tr><tr class="passedeven"><td><a href="#m12">testGetBucketRequestPayment</a></td><td rowspan="1">1455995470828</td><td rowspan="1">170</td></tr><tr class="passedeven"><td><a href="#m13">testGetObject</a></td><td rowspan="1">1455995466867</td><td rowspan="1">181</td></tr><tr class="passedeven"><td><a href="#m14">testListAllMyBuckets</a></td><td rowspan="1">1455995459935</td><td rowspan="1">728</td></tr><tr class="passedeven"><td><a href="#m15">testListBucket</a></td><td rowspan="1">1455995467050</td><td rowspan="1">208</td></tr><tr class="passedeven"><td><a href="#m16">testPreSignedUrlParserNoPrefix</a></td><td rowspan="1">1455995458891</td><td rowspan="1">2</td></tr><tr class="passedeven"><td><a href="#m17">testPreSignedUrlParserWithComplexBucketName</a></td><td rowspan="1">1455995458894</td><td rowspan="1">1</td></tr><tr class="passedeven"><td><a href="#m18">testPreSignedUrlParserWithPrefix</a></td><td rowspan="1">1455995458895</td><td rowspan="1">1</td></tr><tr class="passedeven"><td><a href="#m19">testPutAcl</a></td><td rowspan="1">1455995460666</td><td rowspan="1">4515</td></tr><tr class="passedeven"><td><a href="#m20">testPutBucketLogging</a></td><td rowspan="1">1455995465184</td><td rowspan="1">408</td></tr><tr class="passedeven"><td><a href="#m21">testPutBucketRequestPayment</a></td><td rowspan="1">1455995465594</td><td rowspan="1">412</td></tr><tr class="passedeven"><td><a href="#m22">testPutObject</a></td><td rowspan="1">1455995466009</td><td rowspan="1">855</td></tr><tr class="passedeven"><td><a href="#m23">testUsingPreSignedUrlWhenNotSet</a></td><td rowspan="1">1455995458912</td><td rowspan="1">0</td></tr><tr class="passedeven"><td><a href="#m24">testUsingPreSignedUrlWhenSet</a></td><td rowspan="1">1455995458896</td><td rowspan="1">1</td></tr><tr class="passedeven"><td><a href="#m25">testValidatePropertiesWithBothPreSignedSetButNoBucket</a></td><td rowspan="1">1455995458897</td><td rowspan="1">1</td></tr><tr class="passedeven"><td><a href="#m26">testValidatePropertiesWithBothPreSignedSetButNoFile</a></td><td rowspan="1">1455995458901</td><td rowspan="1">0</td></tr><tr class="passedeven"><td><a href="#m27">testValidatePropertiesWithBothPreSignedSetButTooManySubdirectories</a></td><td rowspan="1">1455995458903</td><td rowspan="1">1</td></tr><tr class="passedeven"><td><a href="#m28">testValidatePropertiesWithBothPreSignedSetToValid</a></td><td rowspan="1">1455995458905</td><td rowspan="1">0</td></tr><tr class="passedeven"><td><a href="#m29">testValidatePropertiesWithBothPreSignedSetToValidSubdirectory</a></td><td rowspan="1">1455995458906</td><td rowspan="1">1</td></tr><tr class="passedeven"><td><a href="#m30">testValidatePropertiesWithPreSignedDeleteSet</a></td><td rowspan="1">1455995458911</td><td rowspan="1">0</td></tr><tr class="passedeven"><td><a href="#m31">testValidatePropertiesWithPreSignedPutSet</a></td><td rowspan="1">1455995458908</td><td rowspan="1">1</td></tr></tbody></table><h2>Default test</h2><h3 id="m0">org.jgroups.protocols.S3_PING2Test#testCheckBucketExists</h3><table class="result"></table><p class="totop"><a href="#summary">back to summary</a></p><h3 id="m1">org.jgroups.protocols.S3_PING2Test#testCreateBucket</h3><table class="result"></table><p class="totop"><a href="#summary">back to summary</a></p><h3 id="m2">org.jgroups.protocols.S3_PING2Test#testDeleteBucket</h3><table class="result"></table><p class="totop"><a href="#summary">back to summary</a></p><h3 id="m3">org.jgroups.protocols.S3_PING2Test#testDeleteObject</h3><table class="result"></table><p class="totop"><a href="#summary">back to summary</a></p><h3 id="m4">org.jgroups.protocols.S3_PING2Test#testGeneratePreSignedUrlForDelete</h3><table class="result"></table><p class="totop"><a href="#summary">back to summary</a></p><h3 id="m5">org.jgroups.protocols.S3_PING2Test#testGeneratePreSignedUrlForPut</h3><table class="result"></table><p class="totop"><a href="#summary">back to summary</a></p><h3 id="m6">org.jgroups.protocols.S3_PING2Test#testGenerateQueryStringAuthenticationWithBasicGet</h3><table class="result"></table><p class="totop"><a href="#summary">back to summary</a></p><h3 id="m7">org.jgroups.protocols.S3_PING2Test#testGenerateQueryStringAuthenticationWithBasicPost</h3><table class="result"></table><p class="totop"><a href="#summary">back to summary</a></p><h3 id="m8">org.jgroups.protocols.S3_PING2Test#testGenerateQueryStringAuthenticationWithBasicPutAndHeaders</h3><table class="result"></table><p class="totop"><a href="#summary">back to summary</a></p><h3 id="m9">org.jgroups.protocols.S3_PING2Test#testGetAcl</h3><table class="result"></table><p class="totop"><a href="#summary">back to summary</a></p><h3 id="m10">org.jgroups.protocols.S3_PING2Test#testGetBucketLocation</h3><table class="result"></table><p class="totop"><a href="#summary">back to summary</a></p><h3 id="m11">org.jgroups.protocols.S3_PING2Test#testGetBucketLogging</h3><table class="result"></table><p class="totop"><a href="#summary">back to summary</a></p><h3 id="m12">org.jgroups.protocols.S3_PING2Test#testGetBucketRequestPayment</h3><table class="result"></table><p class="totop"><a href="#summary">back to summary</a></p><h3 id="m13">org.jgroups.protocols.S3_PING2Test#testGetObject</h3><table class="result"></table><p class="totop"><a href="#summary">back to summary</a></p><h3 id="m14">org.jgroups.protocols.S3_PING2Test#testListAllMyBuckets</h3><table class="result"></table><p class="totop"><a href="#summary">back to summary</a></p><h3 id="m15">org.jgroups.protocols.S3_PING2Test#testListBucket</h3><table class="result"></table><p class="totop"><a href="#summary">back to summary</a></p><h3 id="m16">org.jgroups.protocols.S3_PING2Test#testPreSignedUrlParserNoPrefix</h3><table class="result"></table><p class="totop"><a href="#summary">back to summary</a></p><h3 id="m17">org.jgroups.protocols.S3_PING2Test#testPreSignedUrlParserWithComplexBucketName</h3><table class="result"></table><p class="totop"><a href="#summary">back to summary</a></p><h3 id="m18">org.jgroups.protocols.S3_PING2Test#testPreSignedUrlParserWithPrefix</h3><table class="result"></table><p class="totop"><a href="#summary">back to summary</a></p><h3 id="m19">org.jgroups.protocols.S3_PING2Test#testPutAcl</h3><table class="result"></table><p class="totop"><a href="#summary">back to summary</a></p><h3 id="m20">org.jgroups.protocols.S3_PING2Test#testPutBucketLogging</h3><table class="result"></table><p class="totop"><a href="#summary">back to summary</a></p><h3 id="m21">org.jgroups.protocols.S3_PING2Test#testPutBucketRequestPayment</h3><table class="result"></table><p class="totop"><a href="#summary">back to summary</a></p><h3 id="m22">org.jgroups.protocols.S3_PING2Test#testPutObject</h3><table class="result"></table><p class="totop"><a href="#summary">back to summary</a></p><h3 id="m23">org.jgroups.protocols.S3_PING2Test#testUsingPreSignedUrlWhenNotSet</h3><table class="result"></table><p class="totop"><a href="#summary">back to summary</a></p><h3 id="m24">org.jgroups.protocols.S3_PING2Test#testUsingPreSignedUrlWhenSet</h3><table class="result"></table><p class="totop"><a href="#summary">back to summary</a></p><h3 id="m25">org.jgroups.protocols.S3_PING2Test#testValidatePropertiesWithBothPreSignedSetButNoBucket</h3><table class="result"><tr><th>Expected Exception</th></tr><tr><td><div class="stacktrace">java.lang.IllegalArgumentException: pre-signed url http://s3.amazonaws.com/ must point to a file within a bucket
	at org.jgroups.protocols.S3_PING2$PreSignedUrlParser.&lt;init&gt;(S3_PING2.java:371)
	at org.jgroups.protocols.S3_PING2.validateProperties(S3_PING2.java:279)
	at org.jgroups.protocols.S3_PING2Test.testValidatePropertiesWithBothPreSignedSetButNoBucket(S3_PING2Test.java:483)
	at sun.reflect.NativeMethodAccessorImpl.invoke0(Native Method)
	at sun.reflect.NativeMethodAccessorImpl.invoke(NativeMethodAccessorImpl.java:57)
	at sun.reflect.DelegatingMethodAccessorImpl.invoke(DelegatingMethodAccessorImpl.java:43)
	at java.lang.reflect.Method.invoke(Method.java:601)
	at org.testng.internal.MethodInvocationHelper.invokeMethod(MethodInvocationHelper.java:85)
	at org.testng.internal.Invoker.invokeMethod(Invoker.java:639)
	at org.testng.internal.Invoker.invokeTestMethod(Invoker.java:821)
	at org.testng.internal.Invoker.invokeTestMethods(Invoker.java:1131)
	at org.testng.internal.TestMethodWorker.invokeTestMethods(TestMethodWorker.java:124)
	at org.testng.internal.TestMethodWorker.run(TestMethodWorker.java:108)
	at org.testng.TestRunner.privateRun(TestRunner.java:773)
	at org.testng.TestRunner.run(TestRunner.java:623)
	at org.testng.SuiteRunner.runTest(SuiteRunner.java:357)
	at org.testng.SuiteRunner.runSequentially(SuiteRunner.java:352)
	at org.testng.SuiteRunner.privateRun(SuiteRunner.java:310)
	at org.testng.SuiteRunner.run(SuiteRunner.java:259)
	at org.testng.SuiteRunnerWorker.runSuite(SuiteRunnerWorker.java:52)
	at org.testng.SuiteRunnerWorker.run(SuiteRunnerWorker.java:86)
	at org.testng.TestNG.runSuitesSequentially(TestNG.java:1185)
	at org.testng.TestNG.runSuitesLocally(TestNG.java:1110)
	at org.testng.TestNG.run(TestNG.java:1018)
	at org.testng.remote.RemoteTestNG.run(RemoteTestNG.java:111)
	at org.testng.remote.RemoteTestNG.initAndRun(RemoteTestNG.java:204)
	at org.testng.remote.RemoteTestNG.main(RemoteTestNG.java:175)
</div></td></tr></table><p class="totop"><a href="#summary">back to summary</a></p><h3 id="m26">org.jgroups.protocols.S3_PING2Test#testValidatePropertiesWithBothPreSignedSetButNoFile</h3><table class="result"><tr><th>Expected Exception</th></tr><tr><td><div class="stacktrace">java.lang.IllegalArgumentException: pre-signed url http://test-bucket.s3.amazonaws.com/ must point to a file within a bucket
	at org.jgroups.protocols.S3_PING2$PreSignedUrlParser.&lt;init&gt;(S3_PING2.java:371)
	at org.jgroups.protocols.S3_PING2.validateProperties(S3_PING2.java:279)
	at org.jgroups.protocols.S3_PING2Test.testValidatePropertiesWithBothPreSignedSetButNoFile(S3_PING2Test.java:490)
	at sun.reflect.NativeMethodAccessorImpl.invoke0(Native Method)
	at sun.reflect.NativeMethodAccessorImpl.invoke(NativeMethodAccessorImpl.java:57)
	at sun.reflect.DelegatingMethodAccessorImpl.invoke(DelegatingMethodAccessorImpl.java:43)
	at java.lang.reflect.Method.invoke(Method.java:601)
	at org.testng.internal.MethodInvocationHelper.invokeMethod(MethodInvocationHelper.java:85)
	at org.testng.internal.Invoker.invokeMethod(Invoker.java:639)
	at org.testng.internal.Invoker.invokeTestMethod(Invoker.java:821)
	at org.testng.internal.Invoker.invokeTestMethods(Invoker.java:1131)
	at org.testng.internal.TestMethodWorker.invokeTestMethods(TestMethodWorker.java:124)
	at org.testng.internal.TestMethodWorker.run(TestMethodWorker.java:108)
	at org.testng.TestRunner.privateRun(TestRunner.java:773)
	at org.testng.TestRunner.run(TestRunner.java:623)
	at org.testng.SuiteRunner.runTest(SuiteRunner.java:357)
	at org.testng.SuiteRunner.runSequentially(SuiteRunner.java:352)
	at org.testng.SuiteRunner.privateRun(SuiteRunner.java:310)
	at org.testng.SuiteRunner.run(SuiteRunner.java:259)
	at org.testng.SuiteRunnerWorker.runSuite(SuiteRunnerWorker.java:52)
	at org.testng.SuiteRunnerWorker.run(SuiteRunnerWorker.java:86)
	at org.testng.TestNG.runSuitesSequentially(TestNG.java:1185)
	at org.testng.TestNG.runSuitesLocally(TestNG.java:1110)
	at org.testng.TestNG.run(TestNG.java:1018)
	at org.testng.remote.RemoteTestNG.run(RemoteTestNG.java:111)
	at org.testng.remote.RemoteTestNG.initAndRun(RemoteTestNG.java:204)
	at org.testng.remote.RemoteTestNG.main(RemoteTestNG.java:175)
</div></td></tr></table><p class="totop"><a href="#summary">back to summary</a></p><h3 id="m27">org.jgroups.protocols.S3_PING2Test#testValidatePropertiesWithBothPreSignedSetButTooManySubdirectories</h3><table class="result"><tr><th>Expected Exception</th></tr><tr><td><div class="stacktrace">java.lang.IllegalArgumentException: pre-signed url http://test-bucket.s3.amazonaws.com/subdir/DemoCluster/node1 may only have only subdirectory under a bucket
	at org.jgroups.protocols.S3_PING2$PreSignedUrlParser.&lt;init&gt;(S3_PING2.java:374)
	at org.jgroups.protocols.S3_PING2.validateProperties(S3_PING2.java:279)
	at org.jgroups.protocols.S3_PING2Test.testValidatePropertiesWithBothPreSignedSetButTooManySubdirectories(S3_PING2Test.java:497)
	at sun.reflect.NativeMethodAccessorImpl.invoke0(Native Method)
	at sun.reflect.NativeMethodAccessorImpl.invoke(NativeMethodAccessorImpl.java:57)
	at sun.reflect.DelegatingMethodAccessorImpl.invoke(DelegatingMethodAccessorImpl.java:43)
	at java.lang.reflect.Method.invoke(Method.java:601)
	at org.testng.internal.MethodInvocationHelper.invokeMethod(MethodInvocationHelper.java:85)
	at org.testng.internal.Invoker.invokeMethod(Invoker.java:639)
	at org.testng.internal.Invoker.invokeTestMethod(Invoker.java:821)
	at org.testng.internal.Invoker.invokeTestMethods(Invoker.java:1131)
	at org.testng.internal.TestMethodWorker.invokeTestMethods(TestMethodWorker.java:124)
	at org.testng.internal.TestMethodWorker.run(TestMethodWorker.java:108)
	at org.testng.TestRunner.privateRun(TestRunner.java:773)
	at org.testng.TestRunner.run(TestRunner.java:623)
	at org.testng.SuiteRunner.runTest(SuiteRunner.java:357)
	at org.testng.SuiteRunner.runSequentially(SuiteRunner.java:352)
	at org.testng.SuiteRunner.privateRun(SuiteRunner.java:310)
	at org.testng.SuiteRunner.run(SuiteRunner.java:259)
	at org.testng.SuiteRunnerWorker.runSuite(SuiteRunnerWorker.java:52)
	at org.testng.SuiteRunnerWorker.run(SuiteRunnerWorker.java:86)
	at org.testng.TestNG.runSuitesSequentially(TestNG.java:1185)
	at org.testng.TestNG.runSuitesLocally(TestNG.java:1110)
	at org.testng.TestNG.run(TestNG.java:1018)
	at org.testng.remote.RemoteTestNG.run(RemoteTestNG.java:111)
	at org.testng.remote.RemoteTestNG.initAndRun(RemoteTestNG.java:204)
	at org.testng.remote.RemoteTestNG.main(RemoteTestNG.java:175)
</div></td></tr></table><p class="totop"><a href="#summary">back to summary</a></p><h3 id="m28">org.jgroups.protocols.S3_PING2Test#testValidatePropertiesWithBothPreSignedSetToValid</h3><table class="result"></table><p class="totop"><a href="#summary">back to summary</a></p><h3 id="m29">org.jgroups.protocols.S3_PING2Test#testValidatePropertiesWithBothPreSignedSetToValidSubdirectory</h3><table class="result"></table><p class="totop"><a href="#summary">back to summary</a></p><h3 id="m30">org.jgroups.protocols.S3_PING2Test#testValidatePropertiesWithPreSignedDeleteSet</h3><table class="result"><tr><th>Expected Exception</th></tr><tr><td><div class="stacktrace">java.lang.IllegalArgumentException: pre_signed_put_url and pre_signed_delete_url must both be set or both unset
	at org.jgroups.protocols.S3_PING2.validateProperties(S3_PING2.java:286)
	at org.jgroups.protocols.S3_PING2Test.testValidatePropertiesWithPreSignedDeleteSet(S3_PING2Test.java:476)
	at sun.reflect.NativeMethodAccessorImpl.invoke0(Native Method)
	at sun.reflect.NativeMethodAccessorImpl.invoke(NativeMethodAccessorImpl.java:57)
	at sun.reflect.DelegatingMethodAccessorImpl.invoke(DelegatingMethodAccessorImpl.java:43)
	at java.lang.reflect.Method.invoke(Method.java:601)
	at org.testng.internal.MethodInvocationHelper.invokeMethod(MethodInvocationHelper.java:85)
	at org.testng.internal.Invoker.invokeMethod(Invoker.java:639)
	at org.testng.internal.Invoker.invokeTestMethod(Invoker.java:821)
	at org.testng.internal.Invoker.invokeTestMethods(Invoker.java:1131)
	at org.testng.internal.TestMethodWorker.invokeTestMethods(TestMethodWorker.java:124)
	at org.testng.internal.TestMethodWorker.run(TestMethodWorker.java:108)
	at org.testng.TestRunner.privateRun(TestRunner.java:773)
	at org.testng.TestRunner.run(TestRunner.java:623)
	at org.testng.SuiteRunner.runTest(SuiteRunner.java:357)
	at org.testng.SuiteRunner.runSequentially(SuiteRunner.java:352)
	at org.testng.SuiteRunner.privateRun(SuiteRunner.java:310)
	at org.testng.SuiteRunner.run(SuiteRunner.java:259)
	at org.testng.SuiteRunnerWorker.runSuite(SuiteRunnerWorker.java:52)
	at org.testng.SuiteRunnerWorker.run(SuiteRunnerWorker.java:86)
	at org.testng.TestNG.runSuitesSequentially(TestNG.java:1185)
	at org.testng.TestNG.runSuitesLocally(TestNG.java:1110)
	at org.testng.TestNG.run(TestNG.java:1018)
	at org.testng.remote.RemoteTestNG.run(RemoteTestNG.java:111)
	at org.testng.remote.RemoteTestNG.initAndRun(RemoteTestNG.java:204)
	at org.testng.remote.RemoteTestNG.main(RemoteTestNG.java:175)
</div></td></tr></table><p class="totop"><a href="#summary">back to summary</a></p><h3 id="m31">org.jgroups.protocols.S3_PING2Test#testValidatePropertiesWithPreSignedPutSet</h3><table class="result"><tr><th>Expected Exception</th></tr><tr><td><div class="stacktrace">java.lang.IllegalArgumentException: pre_signed_put_url and pre_signed_delete_url must both be set or both unset
	at org.jgroups.protocols.S3_PING2.validateProperties(S3_PING2.java:286)
	at org.jgroups.protocols.S3_PING2Test.testValidatePropertiesWithPreSignedPutSet(S3_PING2Test.java:469)
	at sun.reflect.NativeMethodAccessorImpl.invoke0(Native Method)
	at sun.reflect.NativeMethodAccessorImpl.invoke(NativeMethodAccessorImpl.java:57)
	at sun.reflect.DelegatingMethodAccessorImpl.invoke(DelegatingMethodAccessorImpl.java:43)
	at java.lang.reflect.Method.invoke(Method.java:601)
	at org.testng.internal.MethodInvocationHelper.invokeMethod(MethodInvocationHelper.java:85)
	at org.testng.internal.Invoker.invokeMethod(Invoker.java:639)
	at org.testng.internal.Invoker.invokeTestMethod(Invoker.java:821)
	at org.testng.internal.Invoker.invokeTestMethods(Invoker.java:1131)
	at org.testng.internal.TestMethodWorker.invokeTestMethods(TestMethodWorker.java:124)
	at org.testng.internal.TestMethodWorker.run(TestMethodWorker.java:108)
	at org.testng.TestRunner.privateRun(TestRunner.java:773)
	at org.testng.TestRunner.run(TestRunner.java:623)
	at org.testng.SuiteRunner.runTest(SuiteRunner.java:357)
	at org.testng.SuiteRunner.runSequentially(SuiteRunner.java:352)
	at org.testng.SuiteRunner.privateRun(SuiteRunner.java:310)
	at org.testng.SuiteRunner.run(SuiteRunner.java:259)
	at org.testng.SuiteRunnerWorker.runSuite(SuiteRunnerWorker.java:52)
	at org.testng.SuiteRunnerWorker.run(SuiteRunnerWorker.java:86)
	at org.testng.TestNG.runSuitesSequentially(TestNG.java:1185)
	at org.testng.TestNG.runSuitesLocally(TestNG.java:1110)
	at org.testng.TestNG.run(TestNG.java:1018)
	at org.testng.remote.RemoteTestNG.run(RemoteTestNG.java:111)
	at org.testng.remote.RemoteTestNG.initAndRun(RemoteTestNG.java:204)
	at org.testng.remote.RemoteTestNG.main(RemoteTestNG.java:175)
</div></td></tr></table><p class="totop"><a href="#summary">back to summary</a></p></body></html>